23.03.2021 11:29:06	This log contains information about the import schema operation into project 'MyShop' on computer 'KN2018' by user 'zadro'.
23.03.2021 11:29:06	Import of database schema has started.
23.03.2021 11:29:28	Gathering database credentials
23.03.2021 11:29:28	Gathering database options
23.03.2021 11:29:28	Gathering users
23.03.2021 11:29:28	Gathering roles
23.03.2021 11:29:28	Gathering application roles
23.03.2021 11:29:28	Gathering role memberships
23.03.2021 11:29:28	Gathering filegroups
23.03.2021 11:29:28	Gathering full-text catalogs
23.03.2021 11:29:28	Gathering assemblies
23.03.2021 11:29:28	Gathering certificates
23.03.2021 11:29:28	Gathering asymmetric keys
23.03.2021 11:29:28	Gathering symmetric keys
23.03.2021 11:29:28	Gathering encrypted symmetric keys
23.03.2021 11:29:28	Gathering schemas
23.03.2021 11:29:28	Gathering XML schema collections
23.03.2021 11:29:28	Gathering user-defined data types
23.03.2021 11:29:28	Gathering user-defined types
23.03.2021 11:29:28	Gathering table types
23.03.2021 11:29:28	Gathering unique keys for table types
23.03.2021 11:29:28	Gathering primary keys for table types
23.03.2021 11:29:28	Gathering indexes for table types
23.03.2021 11:29:28	Gathering check constraints for table types
23.03.2021 11:29:28	Gathering default constraints for table types
23.03.2021 11:29:28	Gathering partition functions
23.03.2021 11:29:29	Gathering partition schemes
23.03.2021 11:30:44	Gathering functions
23.03.2021 11:30:45	Gathering encrypted functions
23.03.2021 11:30:54	Gathering aggregates
23.03.2021 11:31:04	Gathering procedures
23.03.2021 11:31:04	Gathering encrypted procedures
23.03.2021 11:31:05	Gathering tables
23.03.2021 11:31:05	Gathering primary keys
23.03.2021 11:31:05	Gathering unique constraints
23.03.2021 11:31:06	Gathering foreign keys
23.03.2021 11:31:06	Gathering default constraints
23.03.2021 11:31:06	Gathering check constraints
23.03.2021 11:31:11	Gathering views
23.03.2021 11:31:12	Gathering encrypted views
23.03.2021 11:31:12	Gathering indexes
23.03.2021 11:31:12	Gathering statistics
23.03.2021 11:31:12	Gathering full-text index stoplists
23.03.2021 11:31:12	Gathering search property lists
23.03.2021 11:31:13	Gathering search properties
23.03.2021 11:31:13	Gathering full-text indexes
23.03.2021 11:31:13	Gathering column store indexes
23.03.2021 11:31:13	Gathering spatial indexes
23.03.2021 11:31:13	Gathering XML indexes
23.03.2021 11:31:14	Gathering Selective XML indexes
23.03.2021 11:31:14	Gathering encrypted triggers
23.03.2021 11:31:14	Gathering triggers
23.03.2021 11:31:14	Gathering encrypted and clr ddl triggers
23.03.2021 11:31:14	Gathering ddl triggers
23.03.2021 11:31:14	Gathering synonyms
23.03.2021 11:31:24	Gathering defaults
23.03.2021 11:31:24	Gathering data constraint uddt bindings
23.03.2021 11:31:31	Gathering rules
23.03.2021 11:31:31	Gathering data constraint uddt bindings
23.03.2021 11:31:31	Gathering message types
23.03.2021 11:31:31	Gathering queues
23.03.2021 11:31:31	Gathering contracts
23.03.2021 11:31:31	Gathering services
23.03.2021 11:31:32	Gathering event notifications
23.03.2021 11:31:32	Gathering remote service bindings
23.03.2021 11:31:32	Gathering broker priorities
23.03.2021 11:31:32	Gathering signatures
23.03.2021 11:31:32	Gathering data compression options
23.03.2021 11:31:32	Gathering sequence types
23.03.2021 11:31:32	Gathering security policies
23.03.2021 11:31:32	Gather column encryption keys
23.03.2021 11:31:32	Gathering column master keys
23.03.2021 11:31:32	Gathering external data sources
23.03.2021 11:31:32	Gathering external file formats
23.03.2021 11:31:32	Gathering external tables
23.03.2021 11:31:32	Gathering extended properties
23.03.2021 11:31:35	Gathering credentials
23.03.2021 11:31:35	Gathering logins
23.03.2021 11:31:35	Gathering server audits
23.03.2021 11:31:35	Scanning project for duplicate elements
23.03.2021 11:31:36	Finished duplicate element processing
23.03.2021 11:31:36	Finished importing database.
23.03.2021 11:31:36	A summary of the import was saved to the following location: C:\Users\zadro\source\repos\TasksForTraineeSoftwareDeveloper\MyShop\Import Schema Logs\MyShop_20210323092906.log
23.03.2021 11:31:36	Click Finish to continue...
